<?xml version="1.0" encoding="UTF-8"?>
<!-- Generated by org.testng.reporters.JUnitXMLReporter -->
<testsuite ignored="0" hostname="LAPTOP-6628VBM4" failures="0" tests="8" name="Test" time="13.772" errors="0" timestamp="2025-03-16T20:07:36 CET">
  <testcase classname="api.testcases.UserTestDataDriven" name="testCreateUser" time="4.154"/>
  <testcase classname="api.testcases.UserTestDataDriven" name="testCreateUser" time="1.035"/>
  <testcase classname="api.testcases.UserTestDataDriven" name="testCreateUser" time="1.107"/>
  <testcase classname="api.testcases.UserTestDataDriven" name="testCreateUser" time="0.928"/>
  <testcase classname="api.testcases.UserTestDataDriven" name="deleteUser" time="1.036"/>
  <testcase classname="api.testcases.UserTestDataDriven" name="deleteUser" time="0.912"/>
  <testcase classname="api.testcases.UserTestDataDriven" name="deleteUser" time="0.925"/>
  <testcase classname="api.testcases.UserTestDataDriven" name="deleteUser" time="0.911"/>
</testsuite> <!-- Test -->
